Received: 22:06:03: beep
Received: 22:06:03: beep22:06:03: beep22:06:03: beep22:06:03: beep
Received: 22:06:03: beep22:06:03: beep
Received: 22:06:03: beep22:06:03: beep22:06:03: beep22:06:03: beep22:06:03: beep
Received: 22:06:03: beep22:06:03: beep22:06:03: beep22:06:03: beep22:06:03: beep
Received: 22:06:03: beep22:06:03: beep22:06:03: beep22:06:03: beep
Received: 22:06:03: beep22:06:03: beep
Received: 22:06:03: beep22:06:03: beep
Received: 22:06:03: beep
Received: 22:06:03: beep
Received: 22:06:03: beep
Received: 22:06:03: beep
Received: 22:06:03: beep
Received: 22:06:03: beep
Received: 22:06:03: beep
Received: 22:06:03: beep
Received: 22:06:03: beep
Received: 22:06:03: beep
Received: 22:06:03: beep
Received: 22:06:03: beep
Received: 22:06:03: beep
Received: 22:06:03: beep
Received: 22:06:03: beep
Received: 22:06:03: beep
Received: 22:06:03: beep
Received: 22:06:03: beep
Received: 22:06:04: beep
Received: 22:06:04: beep
Received: 22:06:04: beep
Received: 22:06:04: beep
Received: 22:06:04: beep
Received: 22:06:04: beep
Received: 22:06:04: beep
Received: 22:06:04: beep
Received: 22:06:04: beep
Received: 22:06:04: beep
Received: 22:06:04: beep
Received: 22:06:04: beep
Received: 22:06:04: beep
Received: 22:06:04: beep
Received: 22:06:04: beep
Received: 22:06:04: beep
Received: 22:06:04: beep
Received: 22:06:04: beep
Received: 22:06:04: beep
Received: 22:06:04: beep
Received: 22:06:04: beep
Received: 22:06:04: beep
Received: 22:06:04: beep
Received: 22:06:04: beep
Received: 22:06:04: beep
Received: 22:06:04: beep
Received: 22:06:04: beep
Received: 22:06:04: beep
Received: 22:06:04: beep
Received: 22:06:04: beep
Received: 22:06:04: beep
Received: 22:06:04: beep
Received: 22:06:04: beep
Received: 22:06:04: beep
Received: 22:06:04: beep
Received: 22:06:04: beep
Received: 22:06:04: beep
Received: 22:06:04: beep
Received: 22:06:04: beep
Received: 22:06:04: beep
Received: 22:06:04: beep
Received: 22:06:04: beep
Received: 22:06:04: beep
Received: 22:06:04: beep
Received: 22:06:04: beep
Received: 22:06:04: beep
Received: 22:06:04: beep
Received: 22:06:04: beep
Received: 22:06:05: beep
Received: 22:06:05: beep
Received: 22:06:05: beep
Received: 22:06:05: beep
Received: 22:06:05: beep
Received: 22:06:05: beep
Received: 22:06:05: beep
Received: 22:06:05: beep
Received: 22:06:05: beep
Received: 22:06:05: beep
Received: 22:06:05: beep
Received: 22:06:05: beep
Received: 22:06:05: beep
Received: 22:06:05: beep
Received: 22:06:05: beep
Received: 22:06:05: beep
Received: 22:06:05: beep
Received: 22:06:05: beep
Received: 22:06:05: beep
Received: 22:06:05: beep
Received: 22:06:05: beep
Received: 22:06:05: beep
Received: 22:06:05: beep
Received: 22:06:05: beep
Received: 22:06:05: beep
Received: 22:06:05: beep
Received: 22:06:05: beep
Received: 22:06:05: beep
Received: 22:06:05: beep
Received: 22:06:05: beep
Received: 22:06:05: beep
Received: 22:06:05: beep
Received: 22:06:05: beep
Received: 22:06:05: beep
Received: 22:06:05: beep
Received: 22:06:05: beep
Received: 22:06:05: beep
Received: 22:06:05: beep
Received: 22:06:05: beep
Received: 22:06:05: beep
Received: 22:06:05: beep
Received: 22:06:05: beep
Received: 22:06:05: beep
Received: 22:06:05: beep
Received: 22:06:05: beep
Received: 22:06:05: beep
Received: 22:06:05: beep
Received: 22:06:06: beep
Received: 22:06:06: beep
Received: 22:06:06: beep
Received: 22:06:06: beep
Received: 22:06:06: beep
Received: 22:06:06: beep
Received: 22:06:06: beep
Received: 22:06:06: beep
Received: 22:06:06: beep
Received: 22:06:06: beep
Received: 22:06:06: beep
Received: 22:06:06: beep
Received: 22:06:06: beep
Received: 22:06:06: beep
Received: 22:06:06: beep
Received: 22:06:06: beep
Received: 22:06:06: beep
Received: 22:06:06: beep
Received: 22:06:06: beep
Received: 22:06:06: beep
Received: 22:06:06: beep
Received: 22:06:06: beep
Received: 22:06:06: beep
Received: 22:06:06: beep
Received: 22:06:06: beep
Received: 22:06:06: beep
Received: 22:06:06: beep
Received: 22:06:06: beep
Received: 22:06:06: beep
Received: 22:06:06: beep
Received: 22:06:06: beep
Received: 22:06:06: beep
Received: 22:06:06: beep
Received: 22:06:06: beep
Received: 22:06:06: beep
Received: 22:06:06: beep
Received: 22:06:06: beep
Received: 22:06:06: beep
Received: 22:06:06: beep
Received: 22:06:06: beep
Received: 22:06:06: beep
Received: 22:06:06: beep
Received: 22:06:06: beep
Received: 22:06:06: beep
Received: 22:06:06: beep
Received: 22:06:06: beep
Received: 22:06:06: beep
Received: 22:06:06: beep
Received: 22:06:07: beep
Received: 22:06:07: beep
Received: 22:06:07: beep
Received: 22:06:07: beep
Received: 22:06:07: beep
Received: 22:06:07: beep
Received: 22:06:07: beep
Received: 22:06:07: beep
Received: 22:06:07: beep
Received: 22:06:07: beep
Received: 22:06:07: beep
Received: 22:06:07: beep
Received: 22:06:07: beep
Received: 22:06:07: beep
Received: 22:06:07: beep
Received: 22:06:07: beep
Received: 22:06:07: beep
Received: 22:06:07: beep
Received: 22:06:07: beep
Received: 22:06:07: beep
Received: 22:06:07: beep
Received: 22:06:07: beep
Received: 22:06:07: beep
Received: 22:06:07: beep
Received: 22:06:07: beep
Received: 22:06:07: beep
Received: 22:06:07: beep
Received: 22:06:07: beep
Received: 22:06:07: beep
Received: 22:06:07: beep
Received: 22:06:07: beep
Received: 22:06:07: beep
Received: 22:06:07: beep
Received: 22:06:07: beep
Received: 22:06:07: beep
Received: 22:06:07: beep
Received: 22:06:07: beep
Received: 22:06:07: beep
Received: 22:06:07: beep
Received: 22:06:07: beep
Received: 22:06:07: beep
Received: 22:06:07: beep
Received: 22:06:07: beep
Received: 22:06:07: beep
Received: 22:06:07: beep
Received: 22:06:07: beep
Received: 22:06:07: beep
Received: 22:06:08: beep
Received: 22:06:08: beep
Received: 22:06:08: beep
Received: 22:06:08: beep
Received: 22:06:08: beep
Received: 22:06:08: beep
Received: 22:06:08: beep
Received: 22:06:08: beep
Received: 22:06:08: beep
Received: 22:06:08: beep
Received: 22:06:08: beep
Received: 22:06:08: beep
Received: 22:06:08: beep
Received: 22:06:08: beep
Received: 22:06:08: beep
Received: 22:06:08: beep
Received: 22:06:08: beep
Received: 22:06:08: beep
Received: 22:06:08: beep
Received: 22:06:08: beep
Received: 22:06:08: beep
Received: 22:06:08: beep
Received: 22:06:08: beep
Received: 22:06:08: beep
Received: 22:06:08: beep
Received: 22:06:08: beep
Received: 22:06:08: beep
Received: 22:06:08: beep
Received: 22:06:08: beep
Received: 22:06:08: beep
Received: 22:06:08: beep
Received: 22:06:08: beep
Received: 22:06:08: beep
Received: 22:06:08: beep
Received: 22:06:08: beep
Received: 22:06:08: beep
Received: 22:06:08: beep
Received: 22:06:08: beep
Received: 22:06:08: beep
Received: 22:06:08: beep
Received: 22:06:08: beep
Received: 22:06:08: beep
Received: 22:06:08: beep
Received: 22:06:08: beep
Received: 22:06:08: beep
Received: 22:06:08: beep
Received: 22:06:08: beep
Received: 22:06:08: beep
Received: 22:06:09: beep
Received: 22:06:09: beep
Received: 22:06:09: beep
Received: 22:06:09: beep
Received: 22:06:09: beep
Received: 22:06:09: beep
Received: 22:06:09: beep
Received: 22:06:09: beep
Received: 22:06:09: beep
Received: 22:06:09: beep
Received: 22:06:09: beep
Received: 22:06:09: beep
Received: 22:06:09: beep
Received: 22:06:09: beep
Received: 22:06:09: beep
Received: 22:06:09: beep
Received: 22:06:09: beep
Received: 22:06:09: beep
Received: 22:06:09: beep
Received: 22:06:09: beep
Received: 22:06:09: beep
Received: 22:06:09: beep
Received: 22:06:09: beep
Received: 22:06:09: beep
Received: 22:06:09: beep
Received: 22:06:09: beep
Received: 22:06:09: beep
Received: 22:06:09: beep
Received: 22:06:09: beep
Received: 22:06:09: beep
Received: 22:06:09: beep
Received: 22:06:09: beep
Received: 22:06:09: beep
Received: 22:06:09: beep
Received: 22:06:09: beep
Received: 22:06:09: beep
Received: 22:06:09: beep
Received: 22:06:09: beep
Received: 22:06:09: beep
Received: 22:06:09: beep
Received: 22:06:09: beep
Received: 22:06:09: beep
Received: 22:06:09: beep
Received: 22:06:09: beep
Received: 22:06:09: beep
Received: 22:06:09: beep
Received: 22:06:09: beep
Received: 22:06:10: beep
Received: 22:06:10: beep
Received: 22:06:10: beep
Received: 22:06:10: beep
Received: 22:06:10: beep
Received: 22:06:10: beep
Received: 22:06:10: beep
Received: 22:06:10: beep
Received: 22:06:10: beep
Received: 22:06:10: beep
Received: 22:06:10: beep
Received: 22:06:10: beep
Received: 22:06:10: beep
Received: 22:06:10: beep
Received: 22:06:10: beep
Received: 22:06:10: beep
Received: 22:06:10: beep
Received: 22:06:10: beep
Received: 22:06:10: beep
Received: 22:06:10: beep
Received: 22:06:10: beep
Received: 22:06:10: beep
Received: 22:06:10: beep
Received: 22:06:10: beep
Received: 22:06:10: beep
Received: 22:06:10: beep
Received: 22:06:10: beep
Received: 22:06:10: beep
Received: 22:06:10: beep
Received: 22:06:10: beep
Received: 22:06:10: beep
Received: 22:06:10: beep
Received: 22:06:10: beep
Received: 22:06:10: beep
Received: 22:06:10: beep
Received: 22:06:10: beep
Received: 22:06:10: beep
Received: 22:06:10: beep
Received: 22:06:10: beep
Received: 22:06:10: beep
Received: 22:06:10: beep
Received: 22:06:10: beep
Received: 22:06:10: beep
Received: 22:06:10: beep
Received: 22:06:10: beep
Received: 22:06:10: beep
Received: 22:06:10: beep
Received: 22:06:10: beep
Received: 22:06:11: beep
Received: 22:06:11: beep
Received: 22:06:11: beep
Received: 22:06:11: beep
Received: 22:06:11: beep
Received: 22:06:11: beep
Received: 22:06:11: beep
Received: 22:06:11: beep
Received: 22:06:11: beep
Received: 22:06:11: beep
Received: 22:06:11: beep
Received: 22:06:11: beep
Received: 22:06:11: beep
Received: 22:06:11: beep
Received: 22:06:11: beep
Received: 22:06:11: beep
Received: 22:06:11: beep
Received: 22:06:11: beep
Received: 22:06:11: beep
Received: 22:06:11: beep
Received: 22:06:11: beep
Received: 22:06:11: beep
Received: 22:06:11: beep
Received: 22:06:11: beep
Received: 22:06:11: beep
Received: 22:06:11: beep
Received: 22:06:11: beep
Received: 22:06:11: beep
Received: 22:06:11: beep
Received: 22:06:11: beep
Received: 22:06:11: beep
Received: 22:06:11: beep
Received: 22:06:11: beep
Received: 22:06:11: beep
Received: 22:06:11: beep
Received: 22:06:11: beep
Received: 22:06:11: beep
Received: 22:06:11: beep
Received: 22:06:11: beep
Received: 22:06:11: beep
Received: 22:06:11: beep
Received: 22:06:11: beep
Received: 22:06:11: beep
Received: 22:06:11: beep
Received: 22:06:11: beep
Received: 22:06:11: beep
Received: 22:06:11: beep
Received: 22:06:12: beep
Received: 22:06:12: beep
Received: 22:06:12: beep
Received: 22:06:12: beep
Received: 22:06:12: beep
Received: 22:06:12: beep
Received: 22:06:12: beep
Received: 22:06:12: beep
Received: 22:06:12: beep
Received: 22:06:12: beep
Received: 22:06:12: beep
Received: 22:06:12: beep
Received: 22:06:12: beep
Received: 22:06:12: beep
Received: 22:06:12: beep
Received: 22:06:12: beep
Received: 22:06:12: beep
Received: 22:06:12: beep
Received: 22:06:12: beep
Received: 22:06:12: beep
Received: 22:06:12: beep
Received: 22:06:12: beep
Received: 22:06:12: beep
Received: 22:06:12: beep
Received: 22:06:12: beep
Received: 22:06:12: beep
Received: 22:06:12: beep
Received: 22:06:12: beep
Received: 22:06:12: beep
Received: 22:06:12: beep
Received: 22:06:12: beep
Received: 22:06:12: beep
Received: 22:06:12: beep
Received: 22:06:12: beep
Received: 22:06:12: beep
Received: 22:06:12: beep
Received: 22:06:12: beep
Received: 22:06:12: beep
Received: 22:06:12: beep
Received: 22:06:12: beep
Received: 22:06:12: beep
Received: 22:06:12: beep
Received: 22:06:12: beep
Received: 22:06:12: beep
Received: 22:06:12: beep
Received: 22:06:12: beep
Received: 22:06:12: beep
Received: 22:06:12: beep
Received: 22:06:13: beep
Received: 22:06:13: beep
Received: 22:06:13: beep
Received: 22:06:13: beep
Received: 22:06:13: beep
Received: 22:06:13: beep
Received: 22:06:13: beep
Received: 22:06:13: beep
Received: 22:06:13: beep
Received: 22:06:13: beep
Received: 22:06:13: beep
Received: 22:06:13: beep
Received: 22:06:13: beep
Received: 22:06:13: beep
Received: 22:06:13: beep
Received: 22:06:13: beep
Received: 22:06:13: beep
Received: 22:06:13: beep
Received: 22:06:13: beep
Received: 22:06:13: beep
Received: 22:06:13: beep
Received: 22:06:13: beep
Received: 22:06:13: beep
Received: 22:06:13: beep
Received: 22:06:13: beep
Received: 22:06:13: beep
Received: 22:06:13: beep
Received: 22:06:13: beep
Received: 22:06:13: beep
Received: 22:06:13: beep
Received: 22:06:13: beep
Received: 22:06:13: beep
Received: 22:06:13: beep
Received: 22:06:13: beep
Received: 22:06:13: beep
Received: 22:06:13: beep
Received: 22:06:13: beep
Received: 22:06:13: beep
Received: 22:06:13: beep
Received: 22:06:13: beep
Received: 22:06:13: beep
Received: 22:06:13: beep
Received: 22:06:13: beep
Received: 22:06:13: beep
Received: 22:06:13: beep
Received: 22:06:13: beep
Received: 22:06:13: beep
Received: 22:06:14: beep
Received: 22:06:14: beep
Received: 22:06:14: beep
Received: 22:06:14: beep
Received: 22:06:14: beep
Received: 22:06:14: beep
Received: 22:06:14: beep
Received: 22:06:14: beep
Received: 22:06:14: beep
Received: 22:06:14: beep
Received: 22:06:14: beep
Received: 22:06:14: beep
Received: 22:06:14: beep
Received: 22:06:14: beep
Received: 22:06:14: beep
Received: 22:06:14: beep
Received: 22:06:14: beep
Received: 22:06:14: beep
Received: 22:06:14: beep
Received: 22:06:14: beep
Received: 22:06:14: beep
Received: 22:06:14: beep
Received: 22:06:14: beep
Received: 22:06:14: beep
Received: 22:06:14: beep
Received: 22:06:14: beep
Received: 22:06:14: beep
Received: 22:06:14: beep
Received: 22:06:14: beep
Received: 22:06:14: beep
Received: 22:06:14: beep
Received: 22:06:14: beep
Received: 22:06:14: beep
Received: 22:06:14: beep
Received: 22:06:14: beep
Received: 22:06:14: beep
Received: 22:06:14: beep
Received: 22:06:14: beep
Received: 22:06:14: beep
Received: 22:06:14: beep
Received: 22:06:14: beep
Received: 22:06:14: beep
Received: 22:06:14: beep
Received: 22:06:14: beep
Received: 22:06:14: beep
Received: 22:06:14: beep
Received: 22:06:14: beep
Received: 22:06:15: beep
Received: 22:06:15: beep
Received: 22:06:15: beep
Received: 22:06:15: beep
Received: 22:06:15: beep
Received: 22:06:15: beep
Received: 22:06:15: beep
Received: 22:06:15: beep
Received: 22:06:15: beep
Received: 22:06:15: beep
Received: 22:06:15: beep
Received: 22:06:15: beep
Received: 22:06:15: beep
Received: 22:06:15: beep
Received: 22:06:15: beep
Received: 22:06:15: beep
Received: 22:06:15: beep
Received: 22:06:15: beep
Received: 22:06:15: beep
Received: 22:06:15: beep
Received: 22:06:15: beep
Received: 22:06:15: beep
Received: 22:06:15: beep
Received: 22:06:15: beep
Received: 22:06:15: beep
Received: 22:06:15: beep
Received: 22:06:15: beep
Received: 22:06:15: beep
Received: 22:06:15: beep
Received: 22:06:15: beep
Received: 22:06:15: beep
Received: 22:06:15: beep
Received: 22:06:15: beep
Received: 22:06:15: beep
Received: 22:06:15: beep
Received: 22:06:15: beep
Received: 22:06:15: beep
Received: 22:06:15: beep
Received: 22:06:15: beep
Received: 22:06:15: beep
Received: 22:06:15: beep
Received: 22:06:15: beep
Received: 22:06:15: beep
Received: 22:06:15: beep
Received: 22:06:15: beep
Received: 22:06:15: beep
Received: 22:06:15: beep
Received: 22:06:15: beep
Received: 22:06:16: beep
Received: 22:06:16: beep
Received: 22:06:16: beep
Received: 22:06:16: beep
Received: 22:06:16: beep
Received: 22:06:16: beep
Received: 22:06:16: beep
Received: 22:06:16: beep
Received: 22:06:16: beep
Received: 22:06:16: beep
Received: 22:06:16: beep
Received: 22:06:16: beep
Received: 22:06:16: beep
Received: 22:06:16: beep
Received: 22:06:16: beep
Received: 22:06:16: beep
Received: 22:06:16: beep
Received: 22:06:16: beep
Received: 22:06:16: beep
Received: 22:06:16: beep
Received: 22:06:16: beep
Received: 22:06:16: beep
Received: 22:06:16: beep
Received: 22:06:16: beep
Received: 22:06:16: beep
Received: 22:06:16: beep
Received: 22:06:16: beep
Received: 22:06:16: beep
Received: 22:06:16: beep
Received: 22:06:16: beep
Received: 22:06:16: beep
Received: 22:06:16: beep
Received: 22:06:16: beep
Received: 22:06:16: beep
Received: 22:06:16: beep
Received: 22:06:16: beep
Received: 22:06:16: beep
Received: 22:06:16: beep
Received: 22:06:16: beep
Received: 22:06:16: beep
Received: 22:06:16: beep
Received: 22:06:16: beep
Received: 22:06:16: beep
Received: 22:06:16: beep
Received: 22:06:16: beep
Received: 22:06:16: beep
Received: 22:06:16: beep
Received: 22:06:17: beep
Received: 22:06:17: beep
Received: 22:06:17: beep
Received: 22:06:17: beep
Received: 22:06:17: beep
Received: 22:06:17: beep
Received: 22:06:17: beep
Received: 22:06:17: beep
Received: 22:06:17: beep
Received: 22:06:17: beep
Received: 22:06:17: beep
Received: 22:06:17: beep
Received: 22:06:17: beep
Received: 22:06:17: beep
Received: 22:06:17: beep
Received: 22:06:17: beep
Received: 22:06:17: beep
Received: 22:06:17: beep
Received: 22:06:17: beep
Received: 22:06:17: beep
Received: 22:06:17: beep
Received: 22:06:17: beep
Received: 22:06:17: beep
Received: 22:06:17: beep
Received: 22:06:17: beep
Received: 22:06:17: beep
Received: 22:06:17: beep
Received: 22:06:17: beep
Received: 22:06:17: beep
Received: 22:06:17: beep
Received: 22:06:17: beep
Received: 22:06:17: beep
Received: 22:06:17: beep
Received: 22:06:17: beep
Received: 22:06:17: beep
Received: 22:06:17: beep
Received: 22:06:17: beep
Received: 22:06:17: beep
Received: 22:06:17: beep
Received: 22:06:17: beep
Received: 22:06:17: beep
Received: 22:06:17: beep
Received: 22:06:17: beep
Received: 22:06:17: beep
Received: 22:06:17: beep
Received: 22:06:17: beep
Received: 22:06:17: beep
Received: 22:06:17: beep
Received: 22:06:18: beep
Received: 22:06:18: beep
Received: 22:06:18: beep
Received: 22:06:18: beep
Received: 22:06:18: beep
Received: 22:06:18: beep
Received: 22:06:18: beep
Received: 22:06:18: beep
Received: 22:06:18: beep
Received: 22:06:18: beep
Received: 22:06:18: beep
Received: 22:06:18: beep
Received: 22:06:18: beep
Received: 22:06:18: beep
Received: 22:06:18: beep
Received: 22:06:18: beep
Received: 22:06:18: beep
Received: 22:06:18: beep
Received: 22:06:18: beep
Received: 22:06:18: beep
Received: 22:06:18: beep
Received: 22:06:18: beep
Received: 22:06:18: beep
Received: 22:06:18: beep
Received: 22:06:18: beep
Received: 22:06:18: beep
Received: 22:06:18: beep
Received: 22:06:18: beep
Received: 22:06:18: beep
Received: 22:06:18: beep
Received: 22:06:18: beep
Received: 22:06:18: beep
Received: 22:06:18: beep
Received: 22:06:18: beep
Received: 22:06:18: beep
Received: 22:06:18: beep
Received: 22:06:18: beep
Received: 22:06:18: beep
Received: 22:06:18: beep
Received: 22:06:18: beep
Received: 22:06:18: beep
Received: 22:06:18: beep
Received: 22:06:18: beep
Received: 22:06:18: beep
Received: 22:06:18: beep
Received: 22:06:18: beep
Received: 22:06:18: beep
Received: 22:06:19: beep
Received: 22:06:19: beep
Received: 22:06:19: beep
Received: 22:06:19: beep
Received: 22:06:19: beep
Received: 22:06:19: beep
Received: 22:06:19: beep
Received: 22:06:19: beep
Received: 22:06:19: beep
Received: 22:06:19: beep
Received: 22:06:19: beep
Received: 22:06:19: beep
Received: 22:06:19: beep
Received: 22:06:19: beep
Received: 22:06:19: beep
Received: 22:06:19: beep
Received: 22:06:19: beep
Received: 22:06:19: beep
Received: 22:06:19: beep
Received: 22:06:19: beep
Received: 22:06:19: beep
Received: 22:06:19: beep
Received: 22:06:19: beep
Received: 22:06:19: beep
Received: 22:06:19: beep
Received: 22:06:19: beep
Received: 22:06:19: beep
Received: 22:06:19: beep
Received: 22:06:19: beep
Received: 22:06:19: beep
Received: 22:06:19: beep
Received: 22:06:19: beep
Received: 22:06:19: beep
Received: 22:06:19: beep
Received: 22:06:19: beep
Received: 22:06:19: beep
Received: 22:06:19: beep
Received: 22:06:19: beep
Received: 22:06:19: beep
Received: 22:06:19: beep
Received: 22:06:19: beep
Received: 22:06:19: beep
Received: 22:06:19: beep
Received: 22:06:19: beep
Received: 22:06:19: beep
Received: 22:06:19: beep
Received: 22:06:19: beep
Received: 22:06:19: beep
Received: 22:06:20: beep
Received: 22:06:20: beep
Received: 22:06:20: beep
Received: 22:06:20: beep
Received: 22:06:20: beep
Received: 22:06:20: beep
Received: 22:06:20: beep
Received: 22:06:20: beep
Received: 22:06:20: beep
Received: 22:06:20: beep
Received: 22:06:20: beep
Received: 22:06:20: beep
Received: 22:06:20: beep
Received: 22:06:20: beep
Received: 22:06:20: beep
Received: 22:06:20: beep
Received: 22:06:20: beep
Received: 22:06:20: beep
Received: 22:06:20: beep
Received: 22:06:20: beep
Received: 22:06:20: beep
Received: 22:06:20: beep
Received: 22:06:20: beep
Received: 22:06:20: beep
Received: 22:06:20: beep
Received: 22:06:20: beep
Received: 22:06:20: beep
Received: 22:06:20: beep
Received: 22:06:20: beep
Received: 22:06:20: beep
Received: 22:06:20: beep
Received: 22:06:20: beep
Received: 22:06:20: beep
Received: 22:06:20: beep
Received: 22:06:20: beep
Received: 22:06:20: beep
Received: 22:06:20: beep
Received: 22:06:20: beep
Received: 22:06:20: beep
Received: 22:06:20: beep
Received: 22:06:20: beep
Received: 22:06:20: beep
Received: 22:06:20: beep
Received: 22:06:20: beep
Received: 22:06:20: beep
Received: 22:06:20: beep
Received: 22:06:20: beep
Received: 22:06:21: beep
Received: 22:06:21: beep
Received: 22:06:21: beep
Received: 22:06:21: beep
Received: 22:06:21: beep
Received: 22:06:21: beep
Received: 22:06:21: beep
Received: 22:06:21: beep
Received: 22:06:21: beep
Received: 22:06:21: beep
Received: 22:06:21: beep
Received: 22:06:21: beep
Received: 22:06:21: beep
Received: 22:06:21: beep
Received: 22:06:21: beep
Received: 22:06:21: beep
Received: 22:06:21: beep
Received: 22:06:21: beep
Received: 22:06:21: beep
Received: 22:06:21: beep
Received: 22:06:21: beep
Received: 22:06:21: beep
Received: 22:06:21: beep
Received: 22:06:21: beep
Received: 22:06:21: beep
Received: 22:06:21: beep
Received: 22:06:21: beep
Received: 22:06:21: beep
Received: 22:06:21: beep
Received: 22:06:21: beep
Received: 22:06:21: beep
Received: 22:06:21: beep
Received: 22:06:21: beep
Received: 22:06:21: beep
Received: 22:06:21: beep
Received: 22:06:21: beep
Received: 22:06:21: beep
Received: 22:06:21: beep
Received: 22:06:21: beep
Received: 22:06:21: beep
Received: 22:06:21: beep
Received: 22:06:21: beep
Received: 22:06:21: beep
Received: 22:06:21: beep
Received: 22:06:21: beep
Received: 22:06:21: beep
Received: 22:06:21: beep
Received: 22:06:21: beep
Received: 22:06:22: beep
Received: 22:06:22: beep
Received: 22:06:22: beep
Received: 22:06:22: beep
Received: 22:06:22: beep
Received: 22:06:22: beep
Received: 22:06:22: beep
Received: 22:06:22: beep
Received: 22:06:22: beep
Received: 22:06:22: beep
Received: 22:06:22: beep
Received: 22:06:22: beep
Received: 22:06:22: beep
Received: 22:06:22: beep
Received: 22:06:22: beep
Received: 22:06:22: beep
Received: 22:06:22: beep
Received: 22:06:22: beep
Received: 22:06:22: beep
Received: 22:06:22: beep
Received: 22:06:22: beep
Received: 22:06:22: beep
Received: 22:06:22: beep
Received: 22:06:22: beep
Received: 22:06:22: beep
Received: 22:06:22: beep
Received: 22:06:22: beep
Received: 22:06:22: beep
Received: 22:06:22: beep
Received: 22:06:22: beep
Received: 22:06:22: beep
Received: 22:06:22: beep
Received: 22:06:22: beep
Received: 22:06:22: beep
Received: 22:06:22: beep
Received: 22:06:22: beep
Received: 22:06:22: beep
Received: 22:06:22: beep
Received: 22:06:22: beep
Received: 22:06:22: beep
Received: 22:06:22: beep
Received: 22:06:22: beep
Received: 22:06:22: beep
Received: 22:06:22: beep
Received: 22:06:22: beep
Received: 22:06:22: beep
Received: 22:06:22: beep
Received: 22:06:22: beep
Received: 22:06:23: beep
Received: 22:06:23: beep
Received: 22:06:23: beep
Received: 22:06:23: beep
Received: 22:06:23: beep
Received: 22:06:23: beep
Received: 22:06:23: beep
Re